d:\工程\项目开发\课程设计\game\game\debug\vc141.pdb
d:\工程\项目开发\课程设计\game\game\debug\vc141.idb
d:\工程\项目开发\课程设计\game\game\debug\wall.obj
d:\工程\项目开发\课程设计\game\game\debug\spaceship.obj
d:\工程\项目开发\课程设计\game\game\debug\random.obj
d:\工程\项目开发\课程设计\game\game\debug\particleeffect.obj
d:\工程\项目开发\课程设计\game\game\debug\particle.obj
d:\工程\项目开发\课程设计\game\game\debug\main.obj
d:\工程\项目开发\课程设计\game\game\debug\gun.obj
d:\工程\项目开发\课程设计\game\game\debug\gameobject.obj
d:\工程\项目开发\课程设计\game\game\debug\game.obj
d:\工程\项目开发\课程设计\game\game\debug\enemy.obj
d:\工程\项目开发\课程设计\game\game\debug\bullet.obj
d:\工程\项目开发\课程设计\game\game\debug\modle.obj
d:\工程\项目开发\课程设计\game\game\debug\collider.obj
d:\工程\项目开发\课程设计\game\game\debug\tool.obj
d:\工程\项目开发\课程设计\game\game\debug\camera.obj
d:\工程\项目开发\课程设计\game\debug\game.exe
d:\工程\项目开发\课程设计\game\debug\game.ilk
d:\工程\项目开发\课程设计\game\debug\game.pdb
d:\工程\项目开发\课程设计\game\game\debug\game.tlog\cl.command.1.tlog
d:\工程\项目开发\课程设计\game\game\debug\game.tlog\cl.read.1.tlog
d:\工程\项目开发\课程设计\game\game\debug\game.tlog\cl.write.1.tlog
d:\工程\项目开发\课程设计\game\game\debug\game.tlog\link.command.1.tlog
d:\工程\项目开发\课程设计\game\game\debug\game.tlog\link.read.1.tlog
d:\工程\项目开发\课程设计\game\game\debug\game.tlog\link.write.1.tlog
